16/08/20 23:54:52 ** --- MESSAGE BEGIN ---
16/08/20 23:54:52 ** To: lhjdark@hotmail.com
16/08/20 23:54:52 ** Subject: Aliens Abducted Me .Abduction Report
16/08/20 23:54:52 ** X-PHP-Originating-Script: 0:report.php
16/08/20 23:54:52 ** From:MIME-Version: 1.0
16/08/20 23:54:52 ** Content-type:text/html;charset=utf-8
16/08/20 23:54:52 ** From: ".$email."
16/08/20 23:54:52 ** Cc: lhjdark@163.com
16/08/20 23:54:52 ** 
16/08/20 23:54:52 ** 1 2 was abducted 4
16/08/20 23:54:52 **  and were gone for 5
16/08/20 23:54:52 **  Number of aliens: 6 
16/08/20 23:54:52 **  Alien description: 7
16/08/20 23:54:52 **  What they did: 8
16/08/20 23:54:52 **  Fang spotted: yes
16/08/20 23:54:52 **  Other comments: 9
16/08/20 23:54:52 ** 
16/08/20 23:54:52 ** --- MESSAGE END ---
16/08/20 23:54:53 ** Connecting to smtp.qq.com:25
16/08/20 23:54:53 ** Connected.
16/08/20 23:54:53 << 220 smtp.qq.com Esmtp QQ Mail Server<EOL>
16/08/20 23:54:53 >> EHLO srv3.home.local<EOL>
16/08/20 23:54:53 << 250-smtp.qq.com<EOL>250-PIPELINING<EOL>250-SIZE 73400320<EOL>250-STARTTLS<EOL>250-AUTH LOGIN PLAIN<EOL>250-AUTH=LOGIN<EOL>250-MAILCOMPRESS<EOL>250 8BITMIME<EOL>
16/08/20 23:54:53 ** Authenticating as 5002549@qq.com
16/08/20 23:54:53 >> STARTTLS<EOL>
16/08/20 23:54:53 << 220 Ready to start TLS<EOL>
16/08/20 23:54:53 >> EHLO srv3.home.local<EOL>
16/08/20 23:54:53 << 250-smtp.qq.com<EOL>250-PIPELINING<EOL>250-SIZE 73400320<EOL>250-AUTH LOGIN PLAIN<EOL>250-AUTH=LOGIN<EOL>250-MAILCOMPRESS<EOL>250 8BITMIME<EOL>
16/08/20 23:54:53 >> AUTH LOGIN<EOL>
16/08/20 23:54:53 << 334 VXNlcm5hbWU6<EOL>
16/08/20 23:54:53 >> NTAwMjU0OUBxcS5jb20=<EOL>
16/08/20 23:54:53 << 334 UGFzc3dvcmQ6<EOL>
16/08/20 23:54:53 >> MTIzNDU2ODc=<EOL>
16/08/20 23:54:53 << 235 Authentication successful<EOL>
16/08/20 23:54:53 >> MAIL FROM: <1.0@home.local><EOL>
16/08/20 23:54:54 << 501 mail from address must be same as authorization user<EOL>
16/08/20 23:54:54 ** Disconnecting from smtp.qq.com:25
16/08/20 23:54:54 ** Disconnected.
16/08/20 23:54:54 ** Disconnected.
16/08/20 23:55:11 ** --- MESSAGE BEGIN ---
16/08/20 23:55:11 ** To: lhjdark@hotmail.com
16/08/20 23:55:11 ** Subject: Aliens Abducted Me .Abduction Report
16/08/20 23:55:11 ** X-PHP-Originating-Script: 0:report.php
16/08/20 23:55:11 ** MIME-Version: 1.0
16/08/20 23:55:11 ** Content-type:text/html;charset=utf-8
16/08/20 23:55:11 ** From: ".$email."
16/08/20 23:55:11 ** Cc: lhjdark@163.com
16/08/20 23:55:11 ** 
16/08/20 23:55:11 ** 1 2 was abducted 4
16/08/20 23:55:11 **  and were gone for 5
16/08/20 23:55:11 **  Number of aliens: 6 
16/08/20 23:55:11 **  Alien description: 7
16/08/20 23:55:11 **  What they did: 8
16/08/20 23:55:11 **  Fang spotted: yes
16/08/20 23:55:11 **  Other comments: 9
16/08/20 23:55:11 ** 
16/08/20 23:55:11 ** --- MESSAGE END ---
16/08/21 08:13:07 ** --- MESSAGE BEGIN ---
16/08/21 08:13:07 ** To: lhjdark@hotmail.com
16/08/21 08:13:07 ** Subject: Aliens Abducted Me .Abduction Report
16/08/21 08:13:07 ** X-PHP-Originating-Script: 0:report.php
16/08/21 08:13:07 ** MIME-Version: 1.0
16/08/21 08:13:07 ** Content-type:text/html;charset=utf-8
16/08/21 08:13:07 ** From: ".$email."
16/08/21 08:13:07 ** Cc: lhjdark@163.com
16/08/21 08:13:07 ** 
16/08/21 08:13:07 ** 11 11 was abducted 11
16/08/21 08:13:07 **  and were gone for 11
16/08/21 08:13:07 **  Number of aliens: 11 
16/08/21 08:13:07 **  Alien description: 11
16/08/21 08:13:07 **  What they did: 11
16/08/21 08:13:07 **  Fang spotted: yes
16/08/21 08:13:07 **  Other comments: 11
16/08/21 08:13:07 ** 
16/08/21 08:13:07 ** --- MESSAGE END ---
16/08/21 20:48:27 ** --- MESSAGE BEGIN ---
16/08/21 20:48:27 ** To: ddd@ddd.com
16/08/21 20:48:27 ** Subject: ffff
16/08/21 20:48:27 ** X-PHP-Originating-Script: 0:email_listAction.class.php
16/08/21 20:48:27 ** From5002549@qq.com
16/08/21 20:48:27 ** 
16/08/21 20:48:27 ** dear ddd ddd
16/08/21 20:48:27 **  fffff
16/08/21 20:48:27 ** --- MESSAGE END ---
16/08/21 20:48:28 ** --- MESSAGE BEGIN ---
16/08/21 20:48:28 ** To: cc@email.com
16/08/21 20:48:28 ** Subject: ffff
16/08/21 20:48:28 ** X-PHP-Originating-Script: 0:email_listAction.class.php
16/08/21 20:48:28 ** From5002549@qq.com
16/08/21 20:48:28 ** 
16/08/21 20:48:28 ** dear cc cc
16/08/21 20:48:28 **  fffff
16/08/21 20:48:28 ** --- MESSAGE END ---
16/08/21 20:48:28 ** --- MESSAGE BEGIN ---
16/08/21 20:48:28 ** To: bb@bb.com
16/08/21 20:48:28 ** Subject: ffff
16/08/21 20:48:28 ** X-PHP-Originating-Script: 0:email_listAction.class.php
16/08/21 20:48:28 ** From5002549@qq.com
16/08/21 20:48:28 ** 
16/08/21 20:48:28 ** dear bb bb
16/08/21 20:48:28 **  fffff
16/08/21 20:48:28 ** --- MESSAGE END ---
16/08/21 20:48:28 ** --- MESSAGE BEGIN ---
16/08/21 20:48:28 ** To: aaa@aaa.com
16/08/21 20:48:28 ** Subject: ffff
16/08/21 20:48:28 ** X-PHP-Originating-Script: 0:email_listAction.class.php
16/08/21 20:48:28 ** From5002549@qq.com
16/08/21 20:48:28 ** 
16/08/21 20:48:28 ** dear aaaa aaa
16/08/21 20:48:28 **  fffff
16/08/21 20:48:28 ** --- MESSAGE END ---
16/08/21 20:48:49 ** --- MESSAGE BEGIN ---
16/08/21 20:48:49 ** To: ddd@ddd.com
16/08/21 20:48:49 ** Subject: fsdas
16/08/21 20:48:49 ** X-PHP-Originating-Script: 0:email_listAction.class.php
16/08/21 20:48:49 ** From5002549@qq.com
16/08/21 20:48:49 ** 
16/08/21 20:48:49 ** dear ddd ddd
16/08/21 20:48:49 **  sdassd
16/08/21 20:48:49 ** --- MESSAGE END ---
16/08/21 20:48:49 ** --- MESSAGE BEGIN ---
16/08/21 20:48:49 ** To: cc@email.com
16/08/21 20:48:49 ** Subject: fsdas
16/08/21 20:48:49 ** X-PHP-Originating-Script: 0:email_listAction.class.php
16/08/21 20:48:49 ** From5002549@qq.com
16/08/21 20:48:49 ** 
16/08/21 20:48:49 ** dear cc cc
16/08/21 20:48:49 **  sdassd
16/08/21 20:48:49 ** --- MESSAGE END ---
16/08/21 20:48:49 ** --- MESSAGE BEGIN ---
16/08/21 20:48:49 ** To: bb@bb.com
16/08/21 20:48:49 ** Subject: fsdas
16/08/21 20:48:49 ** X-PHP-Originating-Script: 0:email_listAction.class.php
16/08/21 20:48:49 ** From5002549@qq.com
16/08/21 20:48:49 ** 
16/08/21 20:48:49 ** dear bb bb
16/08/21 20:48:49 **  sdassd
16/08/21 20:48:49 ** --- MESSAGE END ---
16/08/21 20:48:49 ** --- MESSAGE BEGIN ---
16/08/21 20:48:49 ** To: aaa@aaa.com
16/08/21 20:48:49 ** Subject: fsdas
16/08/21 20:48:49 ** X-PHP-Originating-Script: 0:email_listAction.class.php
16/08/21 20:48:49 ** From5002549@qq.com
16/08/21 20:48:49 ** 
16/08/21 20:48:49 ** dear aaaa aaa
16/08/21 20:48:49 **  sdassd
16/08/21 20:48:49 ** --- MESSAGE END ---
16/08/21 20:51:09 ** --- MESSAGE BEGIN ---
16/08/21 20:51:09 ** To: lhjdark@163.com
16/08/21 20:51:09 ** Subject: test
16/08/21 20:51:09 ** X-PHP-Originating-Script: 0:email_listAction.class.php
16/08/21 20:51:09 ** From5002549@qq.com
16/08/21 20:51:09 ** 
16/08/21 20:51:09 ** dear ddd ddd
16/08/21 20:51:09 **  test
16/08/21 20:51:09 ** --- MESSAGE END ---
16/08/21 20:51:09 ** --- MESSAGE BEGIN ---
16/08/21 20:51:09 ** To: lizhenliang@wire.net.cn
16/08/21 20:51:09 ** Subject: test
16/08/21 20:51:09 ** X-PHP-Originating-Script: 0:email_listAction.class.php
16/08/21 20:51:09 ** From5002549@qq.com
16/08/21 20:51:09 ** 
16/08/21 20:51:09 ** dear cc cc
16/08/21 20:51:09 **  test
16/08/21 20:51:09 ** --- MESSAGE END ---
16/08/21 20:51:09 ** --- MESSAGE BEGIN ---
16/08/21 20:51:09 ** To: lhjdark@hotmail.com
16/08/21 20:51:09 ** Subject: test
16/08/21 20:51:09 ** X-PHP-Originating-Script: 0:email_listAction.class.php
16/08/21 20:51:09 ** From5002549@qq.com
16/08/21 20:51:09 ** 
16/08/21 20:51:09 ** dear bb bb
16/08/21 20:51:09 **  test
16/08/21 20:51:09 ** --- MESSAGE END ---
16/08/21 20:51:09 ** --- MESSAGE BEGIN ---
16/08/21 20:51:09 ** To: lhjdark@163.com
16/08/21 20:51:09 ** Subject: test
16/08/21 20:51:09 ** X-PHP-Originating-Script: 0:email_listAction.class.php
16/08/21 20:51:09 ** From5002549@qq.com
16/08/21 20:51:09 ** 
16/08/21 20:51:09 ** dear aaaa aaa
16/08/21 20:51:09 **  test
16/08/21 20:51:09 ** --- MESSAGE END ---
16/08/23 07:22:19 ** --- MESSAGE BEGIN ---
16/08/23 07:22:19 ** To: lizhenliang@wire.net.cn
16/08/23 07:22:19 ** Subject: aaaaa
16/08/23 07:22:19 ** X-PHP-Originating-Script: 0:Tools.class.php
16/08/23 07:22:19 ** From5002549@qq.com
16/08/23 07:22:19 ** 
16/08/23 07:22:19 ** dear cc cc
16/08/23 07:22:19 **  aaaa
16/08/23 07:22:19 ** --- MESSAGE END ---
16/08/23 07:22:19 ** --- MESSAGE BEGIN ---
16/08/23 07:22:19 ** To: lhjdark@hotmail.com
16/08/23 07:22:19 ** Subject: aaaaa
16/08/23 07:22:19 ** X-PHP-Originating-Script: 0:Tools.class.php
16/08/23 07:22:19 ** From5002549@qq.com
16/08/23 07:22:19 ** 
16/08/23 07:22:19 ** dear bb bb
16/08/23 07:22:19 **  aaaa
16/08/23 07:22:19 ** --- MESSAGE END ---
16/08/23 07:25:14 ** --- MESSAGE BEGIN ---
16/08/23 07:25:14 ** To: lizhenliang@wire.net.cn
16/08/23 07:25:14 ** Subject: aaaaa
16/08/23 07:25:14 ** X-PHP-Originating-Script: 0:Tools.class.php
16/08/23 07:25:14 ** From5002549@qq.com
16/08/23 07:25:14 ** 
16/08/23 07:25:14 ** dear cc cc
16/08/23 07:25:14 **  aaaaaa
16/08/23 07:25:14 ** --- MESSAGE END ---
16/08/23 07:25:14 ** --- MESSAGE BEGIN ---
16/08/23 07:25:14 ** To: lhjdark@hotmail.com
16/08/23 07:25:14 ** Subject: aaaaa
16/08/23 07:25:14 ** X-PHP-Originating-Script: 0:Tools.class.php
16/08/23 07:25:14 ** From5002549@qq.com
16/08/23 07:25:14 ** 
16/08/23 07:25:14 ** dear bb bb
16/08/23 07:25:14 **  aaaaaa
16/08/23 07:25:14 ** --- MESSAGE END ---
16/08/23 07:28:19 ** --- MESSAGE BEGIN ---
16/08/23 07:28:19 ** To: 
16/08/23 07:28:19 ** Subject: aaaa
16/08/23 07:28:19 ** X-PHP-Originating-Script: 0:Tools.class.php
16/08/23 07:28:19 ** From5002549@qq.com
16/08/23 07:28:19 ** 
16/08/23 07:28:19 ** dear cc cc
16/08/23 07:28:19 **  aaaaa
16/08/23 07:28:19 ** --- MESSAGE END ---
16/08/23 07:28:19 ** --- MESSAGE BEGIN ---
16/08/23 07:28:19 ** To: 
16/08/23 07:28:19 ** Subject: aaaa
16/08/23 07:28:19 ** X-PHP-Originating-Script: 0:Tools.class.php
16/08/23 07:28:19 ** From5002549@qq.com
16/08/23 07:28:19 ** 
16/08/23 07:28:19 ** dear bb bb
16/08/23 07:28:19 **  aaaaa
16/08/23 07:28:19 ** --- MESSAGE END ---
16/08/23 07:29:10 ** --- MESSAGE BEGIN ---
16/08/23 07:29:10 ** To: lizhenliang@wire.net.cn
16/08/23 07:29:10 ** Subject: nnnn
16/08/23 07:29:10 ** X-PHP-Originating-Script: 0:Tools.class.php
16/08/23 07:29:10 ** From5002549@qq.com
16/08/23 07:29:10 ** 
16/08/23 07:29:10 ** dear cc cc
16/08/23 07:29:10 **  nnnnn
16/08/23 07:29:10 ** --- MESSAGE END ---
16/08/23 07:29:10 ** --- MESSAGE BEGIN ---
16/08/23 07:29:10 ** To: lhjdark@hotmail.com
16/08/23 07:29:10 ** Subject: nnnn
16/08/23 07:29:10 ** X-PHP-Originating-Script: 0:Tools.class.php
16/08/23 07:29:10 ** From5002549@qq.com
16/08/23 07:29:10 ** 
16/08/23 07:29:10 ** dear bb bb
16/08/23 07:29:10 **  nnnnn
16/08/23 07:29:10 ** --- MESSAGE END ---
16/08/23 19:53:05 ** --- MESSAGE BEGIN ---
16/08/23 19:53:05 ** To: lizhenliang@wire.net.cn
16/08/23 19:53:05 ** Subject: 11111
16/08/23 19:53:05 ** X-PHP-Originating-Script: 0:Tools.class.php
16/08/23 19:53:05 ** From5002549@qq.com
16/08/23 19:53:05 ** 
16/08/23 19:53:05 ** dear cc cc
16/08/23 19:53:05 **  11111
16/08/23 19:53:05 ** --- MESSAGE END ---
16/08/23 20:58:39 ** --- MESSAGE BEGIN ---
16/08/23 20:58:39 ** To: lizhenliang@wire.net.cn
16/08/23 20:58:39 ** Subject: fsdfdasfasdfasd
16/08/23 20:58:39 ** X-PHP-Originating-Script: 0:Tools.class.php
16/08/23 20:58:39 ** From5002549@qq.com
16/08/23 20:58:39 ** 
16/08/23 20:58:39 ** dear cc cc
16/08/23 20:58:39 **  fsdfasdfasdfasdfasdfasd
16/08/23 20:58:39 ** --- MESSAGE END ---
16/08/23 21:03:59 ** --- MESSAGE BEGIN ---
16/08/23 21:03:59 ** To: lizhenliang@wire.net.cn
16/08/23 21:03:59 ** Subject: fsdfdasfasdfasd
16/08/23 21:03:59 ** X-PHP-Originating-Script: 0:Tools.class.php
16/08/23 21:03:59 ** From5002549@qq.com
16/08/23 21:03:59 ** 
16/08/23 21:03:59 ** dear cc cc
16/08/23 21:03:59 **  fsdfasdfasdfasdfasdfasd
16/08/23 21:03:59 ** --- MESSAGE END ---
16/08/23 21:05:14 ** --- MESSAGE BEGIN ---
16/08/23 21:05:14 ** To: lizhenliang@wire.net.cn
16/08/23 21:05:14 ** Subject: aaaa
16/08/23 21:05:14 ** X-PHP-Originating-Script: 0:Tools.class.php
16/08/23 21:05:14 ** From5002549@qq.com
16/08/23 21:05:14 ** 
16/08/23 21:05:14 ** dear cc cc
16/08/23 21:05:14 **  aaaa
16/08/23 21:05:14 ** --- MESSAGE END ---
16/08/23 21:16:46 ** --- MESSAGE BEGIN ---
16/08/23 21:16:46 ** To: vv@vv.com
16/08/23 21:16:46 ** Subject: fdasfasd
16/08/23 21:16:46 ** X-PHP-Originating-Script: 0:Tools.class.php
16/08/23 21:16:46 ** From5002549@qq.com
16/08/23 21:16:46 ** 
16/08/23 21:16:46 ** dear sfasasd adasdfsd
16/08/23 21:16:46 **  fsdfasfds
16/08/23 21:16:46 ** --- MESSAGE END ---
16/08/23 21:16:46 ** --- MESSAGE BEGIN ---
16/08/23 21:16:46 ** To: aa@aa.com
16/08/23 21:16:46 ** Subject: fdasfasd
16/08/23 21:16:46 ** X-PHP-Originating-Script: 0:Tools.class.php
16/08/23 21:16:46 ** From5002549@qq.com
16/08/23 21:16:46 ** 
16/08/23 21:16:46 ** dear dadsd sdfasdf
16/08/23 21:16:46 **  fsdfasfds
16/08/23 21:16:46 ** --- MESSAGE END ---
16/08/23 21:16:46 ** --- MESSAGE BEGIN ---
16/08/23 21:16:46 ** To: lizhenliang@wire.net.cn
16/08/23 21:16:46 ** Subject: fdasfasd
16/08/23 21:16:46 ** X-PHP-Originating-Script: 0:Tools.class.php
16/08/23 21:16:46 ** From5002549@qq.com
16/08/23 21:16:46 ** 
16/08/23 21:16:46 ** dear cc cc
16/08/23 21:16:46 **  fsdfasfds
16/08/23 21:16:46 ** --- MESSAGE END ---
16/08/23 21:16:46 ** --- MESSAGE BEGIN ---
16/08/23 21:16:46 ** To: lhjdark@hotmail.com
16/08/23 21:16:46 ** Subject: fdasfasd
16/08/23 21:16:46 ** X-PHP-Originating-Script: 0:Tools.class.php
16/08/23 21:16:46 ** From5002549@qq.com
16/08/23 21:16:46 ** 
16/08/23 21:16:46 ** dear bb bb
16/08/23 21:16:46 **  fsdfasfds
16/08/23 21:16:46 ** --- MESSAGE END ---
16/08/23 21:16:46 ** --- MESSAGE BEGIN ---
16/08/23 21:16:46 ** To: sa@sdasfd.com
16/08/23 21:16:46 ** Subject: fdasfasd
16/08/23 21:16:46 ** X-PHP-Originating-Script: 0:Tools.class.php
16/08/23 21:16:46 ** From5002549@qq.com
16/08/23 21:16:46 ** 
16/08/23 21:16:46 ** dear aasa asasas
16/08/23 21:16:46 **  fsdfasfds
16/08/23 21:16:46 ** --- MESSAGE END ---
16/08/23 21:17:34 ** --- MESSAGE BEGIN ---
16/08/23 21:17:34 ** To: vv@vv.com
16/08/23 21:17:34 ** Subject: fdsfasfasdfasd
16/08/23 21:17:34 ** X-PHP-Originating-Script: 0:Tools.class.php
16/08/23 21:17:34 ** From5002549@qq.com
16/08/23 21:17:34 ** 
16/08/23 21:17:34 ** dear sfasasd adasdfsd
16/08/23 21:17:34 **  fsdafasfasfds
16/08/23 21:17:34 ** --- MESSAGE END ---
16/08/23 21:17:34 ** --- MESSAGE BEGIN ---
16/08/23 21:17:34 ** To: aa@aa.com
16/08/23 21:17:34 ** Subject: fdsfasfasdfasd
16/08/23 21:17:34 ** X-PHP-Originating-Script: 0:Tools.class.php
16/08/23 21:17:34 ** From5002549@qq.com
16/08/23 21:17:34 ** 
16/08/23 21:17:34 ** dear dadsd sdfasdf
16/08/23 21:17:34 **  fsdafasfasfds
16/08/23 21:17:34 ** --- MESSAGE END ---
16/08/23 21:17:34 ** --- MESSAGE BEGIN ---
16/08/23 21:17:34 ** To: lizhenliang@wire.net.cn
16/08/23 21:17:34 ** Subject: fdsfasfasdfasd
16/08/23 21:17:34 ** X-PHP-Originating-Script: 0:Tools.class.php
16/08/23 21:17:34 ** From5002549@qq.com
16/08/23 21:17:34 ** 
16/08/23 21:17:34 ** dear cc cc
16/08/23 21:17:34 **  fsdafasfasfds
16/08/23 21:17:34 ** --- MESSAGE END ---
16/08/23 21:17:34 ** --- MESSAGE BEGIN ---
16/08/23 21:17:34 ** To: lhjdark@hotmail.com
16/08/23 21:17:34 ** Subject: fdsfasfasdfasd
16/08/23 21:17:34 ** X-PHP-Originating-Script: 0:Tools.class.php
16/08/23 21:17:34 ** From5002549@qq.com
16/08/23 21:17:34 ** 
16/08/23 21:17:34 ** dear bb bb
16/08/23 21:17:34 **  fsdafasfasfds
16/08/23 21:17:34 ** --- MESSAGE END ---
16/08/23 21:17:34 ** --- MESSAGE BEGIN ---
16/08/23 21:17:34 ** To: sa@sdasfd.com
16/08/23 21:17:34 ** Subject: fdsfasfasdfasd
16/08/23 21:17:34 ** X-PHP-Originating-Script: 0:Tools.class.php
16/08/23 21:17:34 ** From5002549@qq.com
16/08/23 21:17:34 ** 
16/08/23 21:17:34 ** dear aasa asasas
16/08/23 21:17:34 **  fsdafasfasfds
16/08/23 21:17:34 ** --- MESSAGE END ---
16/08/23 21:18:04 ** --- MESSAGE BEGIN ---
16/08/23 21:18:04 ** To: vv@vv.com
16/08/23 21:18:04 ** Subject: fdsfasfasdfasd
16/08/23 21:18:04 ** X-PHP-Originating-Script: 0:Tools.class.php
16/08/23 21:18:04 ** From5002549@qq.com
16/08/23 21:18:04 ** 
16/08/23 21:18:04 ** dear sfasasd adasdfsd
16/08/23 21:18:04 **  fsdafasfasfds
16/08/23 21:18:04 ** --- MESSAGE END ---
16/08/23 21:18:04 ** --- MESSAGE BEGIN ---
16/08/23 21:18:04 ** To: aa@aa.com
16/08/23 21:18:04 ** Subject: fdsfasfasdfasd
16/08/23 21:18:04 ** X-PHP-Originating-Script: 0:Tools.class.php
16/08/23 21:18:04 ** From5002549@qq.com
16/08/23 21:18:04 ** 
16/08/23 21:18:04 ** dear dadsd sdfasdf
16/08/23 21:18:04 **  fsdafasfasfds
16/08/23 21:18:04 ** --- MESSAGE END ---
16/08/23 21:18:04 ** --- MESSAGE BEGIN ---
16/08/23 21:18:04 ** To: lizhenliang@wire.net.cn
16/08/23 21:18:04 ** Subject: fdsfasfasdfasd
16/08/23 21:18:04 ** X-PHP-Originating-Script: 0:Tools.class.php
16/08/23 21:18:04 ** From5002549@qq.com
16/08/23 21:18:04 ** 
16/08/23 21:18:04 ** dear cc cc
16/08/23 21:18:04 **  fsdafasfasfds
16/08/23 21:18:04 ** --- MESSAGE END ---
16/08/23 21:18:04 ** --- MESSAGE BEGIN ---
16/08/23 21:18:04 ** To: lhjdark@hotmail.com
16/08/23 21:18:04 ** Subject: fdsfasfasdfasd
16/08/23 21:18:04 ** X-PHP-Originating-Script: 0:Tools.class.php
16/08/23 21:18:04 ** From5002549@qq.com
16/08/23 21:18:04 ** 
16/08/23 21:18:04 ** dear bb bb
16/08/23 21:18:04 **  fsdafasfasfds
16/08/23 21:18:04 ** --- MESSAGE END ---
16/08/23 21:18:04 ** --- MESSAGE BEGIN ---
16/08/23 21:18:04 ** To: sa@sdasfd.com
16/08/23 21:18:04 ** Subject: fdsfasfasdfasd
16/08/23 21:18:04 ** X-PHP-Originating-Script: 0:Tools.class.php
16/08/23 21:18:04 ** From5002549@qq.com
16/08/23 21:18:04 ** 
16/08/23 21:18:04 ** dear aasa asasas
16/08/23 21:18:04 **  fsdafasfasfds
16/08/23 21:18:04 ** --- MESSAGE END ---
16/08/24 17:54:46 ** --- MESSAGE BEGIN ---
16/08/24 17:54:46 ** To: vv@vv.com
16/08/24 17:54:46 ** Subject: aaaa
16/08/24 17:54:46 ** X-PHP-Originating-Script: 0:Tools.class.php
16/08/24 17:54:46 ** From5002549@qq.com
16/08/24 17:54:46 ** 
16/08/24 17:54:46 ** dear sfasasd adasdfsd
16/08/24 17:54:46 **  
16/08/24 17:54:46 ** --- MESSAGE END ---
16/08/24 17:54:46 ** --- MESSAGE BEGIN ---
16/08/24 17:54:46 ** To: aa@aa.com
16/08/24 17:54:46 ** Subject: aaaa
16/08/24 17:54:46 ** X-PHP-Originating-Script: 0:Tools.class.php
16/08/24 17:54:46 ** From5002549@qq.com
16/08/24 17:54:46 ** 
16/08/24 17:54:46 ** dear dadsd sdfasdf
16/08/24 17:54:46 **  
16/08/24 17:54:46 ** --- MESSAGE END ---
16/08/24 17:54:46 ** --- MESSAGE BEGIN ---
16/08/24 17:54:46 ** To: lizhenliang@wire.net.cn
16/08/24 17:54:46 ** Subject: aaaa
16/08/24 17:54:46 ** X-PHP-Originating-Script: 0:Tools.class.php
16/08/24 17:54:46 ** From5002549@qq.com
16/08/24 17:54:46 ** 
16/08/24 17:54:46 ** dear cc cc
16/08/24 17:54:46 **  
16/08/24 17:54:46 ** --- MESSAGE END ---
16/08/24 17:54:47 ** --- MESSAGE BEGIN ---
16/08/24 17:54:47 ** To: lhjdark@hotmail.com
16/08/24 17:54:47 ** Subject: aaaa
16/08/24 17:54:47 ** X-PHP-Originating-Script: 0:Tools.class.php
16/08/24 17:54:47 ** From5002549@qq.com
16/08/24 17:54:47 ** 
16/08/24 17:54:47 ** dear bb bb
16/08/24 17:54:47 **  
16/08/24 17:54:47 ** --- MESSAGE END ---
16/08/24 17:54:47 ** --- MESSAGE BEGIN ---
16/08/24 17:54:47 ** To: sa@sdasfd.com
16/08/24 17:54:47 ** Subject: aaaa
16/08/24 17:54:47 ** X-PHP-Originating-Script: 0:Tools.class.php
16/08/24 17:54:47 ** From5002549@qq.com
16/08/24 17:54:47 ** 
16/08/24 17:54:47 ** dear aasa asasas
16/08/24 17:54:47 **  
16/08/24 17:54:47 ** --- MESSAGE END ---
16/08/24 18:00:37 ** --- MESSAGE BEGIN ---
16/08/24 18:00:37 ** To: vv@vv.com
16/08/24 18:00:37 ** Subject: aaaaaa
16/08/24 18:00:37 ** X-PHP-Originating-Script: 0:Tools.class.php
16/08/24 18:00:37 ** From5002549@qq.com
16/08/24 18:00:37 ** 
16/08/24 18:00:37 ** dear sfasasd adasdfsd
16/08/24 18:00:37 **  aaaa
16/08/24 18:00:37 ** --- MESSAGE END ---
16/08/24 18:00:37 ** --- MESSAGE BEGIN ---
16/08/24 18:00:37 ** To: aa@aa.com
16/08/24 18:00:37 ** Subject: aaaaaa
16/08/24 18:00:37 ** X-PHP-Originating-Script: 0:Tools.class.php
16/08/24 18:00:37 ** From5002549@qq.com
16/08/24 18:00:37 ** 
16/08/24 18:00:37 ** dear dadsd sdfasdf
16/08/24 18:00:37 **  aaaa
16/08/24 18:00:37 ** --- MESSAGE END ---
16/08/24 18:00:37 ** --- MESSAGE BEGIN ---
16/08/24 18:00:37 ** To: lizhenliang@wire.net.cn
16/08/24 18:00:37 ** Subject: aaaaaa
16/08/24 18:00:37 ** X-PHP-Originating-Script: 0:Tools.class.php
16/08/24 18:00:37 ** From5002549@qq.com
16/08/24 18:00:37 ** 
16/08/24 18:00:37 ** dear cc cc
16/08/24 18:00:37 **  aaaa
16/08/24 18:00:37 ** --- MESSAGE END ---
16/08/24 18:00:37 ** --- MESSAGE BEGIN ---
16/08/24 18:00:37 ** To: lhjdark@hotmail.com
16/08/24 18:00:37 ** Subject: aaaaaa
16/08/24 18:00:37 ** X-PHP-Originating-Script: 0:Tools.class.php
16/08/24 18:00:37 ** From5002549@qq.com
16/08/24 18:00:37 ** 
16/08/24 18:00:37 ** dear bb bb
16/08/24 18:00:37 **  aaaa
16/08/24 18:00:37 ** --- MESSAGE END ---
16/08/24 18:00:37 ** --- MESSAGE BEGIN ---
16/08/24 18:00:37 ** To: sa@sdasfd.com
16/08/24 18:00:37 ** Subject: aaaaaa
16/08/24 18:00:37 ** X-PHP-Originating-Script: 0:Tools.class.php
16/08/24 18:00:37 ** From5002549@qq.com
16/08/24 18:00:37 ** 
16/08/24 18:00:37 ** dear aasa asasas
16/08/24 18:00:37 **  aaaa
16/08/24 18:00:37 ** --- MESSAGE END ---
16/08/24 18:02:06 ** --- MESSAGE BEGIN ---
16/08/24 18:02:06 ** To: vv@vv.com
16/08/24 18:02:06 ** Subject: aaaaaaaaaaa
16/08/24 18:02:06 ** X-PHP-Originating-Script: 0:Tools.class.php
16/08/24 18:02:06 ** From5002549@qq.com
16/08/24 18:02:06 ** 
16/08/24 18:02:06 ** dear sfasasd adasdfsd
16/08/24 18:02:06 **  
16/08/24 18:02:06 ** --- MESSAGE END ---
16/08/24 18:02:06 ** --- MESSAGE BEGIN ---
16/08/24 18:02:06 ** To: aa@aa.com
16/08/24 18:02:06 ** Subject: aaaaaaaaaaa
16/08/24 18:02:06 ** X-PHP-Originating-Script: 0:Tools.class.php
16/08/24 18:02:06 ** From5002549@qq.com
16/08/24 18:02:06 ** 
16/08/24 18:02:06 ** dear dadsd sdfasdf
16/08/24 18:02:06 **  
16/08/24 18:02:06 ** --- MESSAGE END ---
16/08/24 18:02:06 ** --- MESSAGE BEGIN ---
16/08/24 18:02:06 ** To: lizhenliang@wire.net.cn
16/08/24 18:02:06 ** Subject: aaaaaaaaaaa
16/08/24 18:02:06 ** X-PHP-Originating-Script: 0:Tools.class.php
16/08/24 18:02:06 ** From5002549@qq.com
16/08/24 18:02:06 ** 
16/08/24 18:02:06 ** dear cc cc
16/08/24 18:02:06 **  
16/08/24 18:02:06 ** --- MESSAGE END ---
16/08/24 18:02:06 ** --- MESSAGE BEGIN ---
16/08/24 18:02:06 ** To: lhjdark@hotmail.com
16/08/24 18:02:06 ** Subject: aaaaaaaaaaa
16/08/24 18:02:06 ** X-PHP-Originating-Script: 0:Tools.class.php
16/08/24 18:02:06 ** From5002549@qq.com
16/08/24 18:02:06 ** 
16/08/24 18:02:06 ** dear bb bb
16/08/24 18:02:06 **  
16/08/24 18:02:06 ** --- MESSAGE END ---
16/08/24 18:02:06 ** --- MESSAGE BEGIN ---
16/08/24 18:02:06 ** To: sa@sdasfd.com
16/08/24 18:02:06 ** Subject: aaaaaaaaaaa
16/08/24 18:02:06 ** X-PHP-Originating-Script: 0:Tools.class.php
16/08/24 18:02:06 ** From5002549@qq.com
16/08/24 18:02:06 ** 
16/08/24 18:02:06 ** dear aasa asasas
16/08/24 18:02:06 **  
16/08/24 18:02:06 ** --- MESSAGE END ---
16/08/24 18:02:10 ** --- MESSAGE BEGIN ---
16/08/24 18:02:10 ** To: vv@vv.com
16/08/24 18:02:10 ** Subject: aaaaa
16/08/24 18:02:10 ** X-PHP-Originating-Script: 0:Tools.class.php
16/08/24 18:02:10 ** From5002549@qq.com
16/08/24 18:02:10 ** 
16/08/24 18:02:10 ** dear sfasasd adasdfsd
16/08/24 18:02:10 **  
16/08/24 18:02:10 ** --- MESSAGE END ---
16/08/24 18:02:10 ** --- MESSAGE BEGIN ---
16/08/24 18:02:10 ** To: aa@aa.com
16/08/24 18:02:10 ** Subject: aaaaa
16/08/24 18:02:10 ** X-PHP-Originating-Script: 0:Tools.class.php
16/08/24 18:02:10 ** From5002549@qq.com
16/08/24 18:02:10 ** 
16/08/24 18:02:10 ** dear dadsd sdfasdf
16/08/24 18:02:10 **  
16/08/24 18:02:10 ** --- MESSAGE END ---
16/08/24 18:02:10 ** --- MESSAGE BEGIN ---
16/08/24 18:02:10 ** To: lizhenliang@wire.net.cn
16/08/24 18:02:10 ** Subject: aaaaa
16/08/24 18:02:10 ** X-PHP-Originating-Script: 0:Tools.class.php
16/08/24 18:02:10 ** From5002549@qq.com
16/08/24 18:02:10 ** 
16/08/24 18:02:10 ** dear cc cc
16/08/24 18:02:10 **  
16/08/24 18:02:10 ** --- MESSAGE END ---
16/08/24 18:02:11 ** --- MESSAGE BEGIN ---
16/08/24 18:02:11 ** To: lhjdark@hotmail.com
16/08/24 18:02:11 ** Subject: aaaaa
16/08/24 18:02:11 ** X-PHP-Originating-Script: 0:Tools.class.php
16/08/24 18:02:11 ** From5002549@qq.com
16/08/24 18:02:11 ** 
16/08/24 18:02:11 ** dear bb bb
16/08/24 18:02:11 **  
16/08/24 18:02:11 ** --- MESSAGE END ---
16/08/24 18:02:11 ** --- MESSAGE BEGIN ---
16/08/24 18:02:11 ** To: sa@sdasfd.com
16/08/24 18:02:11 ** Subject: aaaaa
16/08/24 18:02:11 ** X-PHP-Originating-Script: 0:Tools.class.php
16/08/24 18:02:11 ** From5002549@qq.com
16/08/24 18:02:11 ** 
16/08/24 18:02:11 ** dear aasa asasas
16/08/24 18:02:11 **  
16/08/24 18:02:11 ** --- MESSAGE END ---
16/08/24 18:27:07 ** --- MESSAGE BEGIN ---
16/08/24 18:27:07 ** To: vv@vv.com
16/08/24 18:27:07 ** Subject: aaa
16/08/24 18:27:07 ** X-PHP-Originating-Script: 0:Tools.class.php
16/08/24 18:27:07 ** From5002549@qq.com
16/08/24 18:27:07 ** 
16/08/24 18:27:07 ** dear sfasasd adasdfsd
16/08/24 18:27:07 **  aaaa
16/08/24 18:27:07 ** --- MESSAGE END ---
16/08/24 18:27:07 ** --- MESSAGE BEGIN ---
16/08/24 18:27:07 ** To: ddd@sdsd.vom
16/08/24 18:27:07 ** Subject: aaa
16/08/24 18:27:07 ** X-PHP-Originating-Script: 0:Tools.class.php
16/08/24 18:27:07 ** From5002549@qq.com
16/08/24 18:27:07 ** 
16/08/24 18:27:07 ** dear dddd dddd
16/08/24 18:27:07 **  aaaa
16/08/24 18:27:07 ** --- MESSAGE END ---
16/08/24 18:27:07 ** --- MESSAGE BEGIN ---
16/08/24 18:27:07 ** To: aa@aa.com
16/08/24 18:27:07 ** Subject: aaa
16/08/24 18:27:07 ** X-PHP-Originating-Script: 0:Tools.class.php
16/08/24 18:27:07 ** From5002549@qq.com
16/08/24 18:27:07 ** 
16/08/24 18:27:07 ** dear dadsd sdfasdf
16/08/24 18:27:07 **  aaaa
16/08/24 18:27:07 ** --- MESSAGE END ---
16/08/24 18:27:07 ** --- MESSAGE BEGIN ---
16/08/24 18:27:07 ** To: lizhenliang@wire.net.cn
16/08/24 18:27:07 ** Subject: aaa
16/08/24 18:27:07 ** X-PHP-Originating-Script: 0:Tools.class.php
16/08/24 18:27:07 ** From5002549@qq.com
16/08/24 18:27:07 ** 
16/08/24 18:27:07 ** dear cc cc
16/08/24 18:27:07 **  aaaa
16/08/24 18:27:07 ** --- MESSAGE END ---
16/08/24 18:27:07 ** --- MESSAGE BEGIN ---
16/08/24 18:27:07 ** To: lhjdark@hotmail.com
16/08/24 18:27:07 ** Subject: aaa
16/08/24 18:27:07 ** X-PHP-Originating-Script: 0:Tools.class.php
16/08/24 18:27:07 ** From5002549@qq.com
16/08/24 18:27:07 ** 
16/08/24 18:27:07 ** dear bb bb
16/08/24 18:27:07 **  aaaa
16/08/24 18:27:07 ** --- MESSAGE END ---
16/08/24 18:27:07 ** --- MESSAGE BEGIN ---
16/08/24 18:27:07 ** To: sa@sdasfd.com
16/08/24 18:27:07 ** Subject: aaa
16/08/24 18:27:07 ** X-PHP-Originating-Script: 0:Tools.class.php
16/08/24 18:27:07 ** From5002549@qq.com
16/08/24 18:27:07 ** 
16/08/24 18:27:07 ** dear aasa asasas
16/08/24 18:27:07 **  aaaa
16/08/24 18:27:07 ** --- MESSAGE END ---
16/08/24 18:38:54 ** --- MESSAGE BEGIN ---
16/08/24 18:38:54 ** To: vv@vv.com
16/08/24 18:38:54 ** Subject: aa
16/08/24 18:38:54 ** X-PHP-Originating-Script: 0:Tools.class.php
16/08/24 18:38:54 ** From5002549@qq.com
16/08/24 18:38:54 ** 
16/08/24 18:38:54 ** dear sfasasd adasdfsd
16/08/24 18:38:54 **  aa
16/08/24 18:38:54 ** --- MESSAGE END ---
16/08/24 18:38:54 ** --- MESSAGE BEGIN ---
16/08/24 18:38:54 ** To: ddd@sdsd.vom
16/08/24 18:38:54 ** Subject: aa
16/08/24 18:38:54 ** X-PHP-Originating-Script: 0:Tools.class.php
16/08/24 18:38:54 ** From5002549@qq.com
16/08/24 18:38:54 ** 
16/08/24 18:38:54 ** dear dddd dddd
16/08/24 18:38:54 **  aa
16/08/24 18:38:54 ** --- MESSAGE END ---
16/08/24 18:38:54 ** --- MESSAGE BEGIN ---
16/08/24 18:38:54 ** To: aa@aa.com
16/08/24 18:38:54 ** Subject: aa
16/08/24 18:38:54 ** X-PHP-Originating-Script: 0:Tools.class.php
16/08/24 18:38:54 ** From5002549@qq.com
16/08/24 18:38:54 ** 
16/08/24 18:38:54 ** dear dadsd sdfasdf
16/08/24 18:38:54 **  aa
16/08/24 18:38:54 ** --- MESSAGE END ---
16/08/24 18:38:54 ** --- MESSAGE BEGIN ---
16/08/24 18:38:54 ** To: lizhenliang@wire.net.cn
16/08/24 18:38:54 ** Subject: aa
16/08/24 18:38:54 ** X-PHP-Originating-Script: 0:Tools.class.php
16/08/24 18:38:54 ** From5002549@qq.com
16/08/24 18:38:54 ** 
16/08/24 18:38:54 ** dear cc cc
16/08/24 18:38:54 **  aa
16/08/24 18:38:54 ** --- MESSAGE END ---
16/08/24 18:38:54 ** --- MESSAGE BEGIN ---
16/08/24 18:38:54 ** To: lhjdark@hotmail.com
16/08/24 18:38:54 ** Subject: aa
16/08/24 18:38:54 ** X-PHP-Originating-Script: 0:Tools.class.php
16/08/24 18:38:54 ** From5002549@qq.com
16/08/24 18:38:54 ** 
16/08/24 18:38:54 ** dear bb bb
16/08/24 18:38:54 **  aa
16/08/24 18:38:54 ** --- MESSAGE END ---
16/08/24 18:38:54 ** --- MESSAGE BEGIN ---
16/08/24 18:38:54 ** To: sa@sdasfd.com
16/08/24 18:38:54 ** Subject: aa
16/08/24 18:38:54 ** X-PHP-Originating-Script: 0:Tools.class.php
16/08/24 18:38:54 ** From5002549@qq.com
16/08/24 18:38:54 ** 
16/08/24 18:38:54 ** dear aasa asasas
16/08/24 18:38:54 **  aa
16/08/24 18:38:54 ** --- MESSAGE END ---
16/08/24 18:39:05 ** --- MESSAGE BEGIN ---
16/08/24 18:39:05 ** To: vv@vv.com
16/08/24 18:39:05 ** Subject: aaa
16/08/24 18:39:05 ** X-PHP-Originating-Script: 0:Tools.class.php
16/08/24 18:39:05 ** From5002549@qq.com
16/08/24 18:39:05 ** 
16/08/24 18:39:05 ** dear sfasasd adasdfsd
16/08/24 18:39:05 **  
16/08/24 18:39:05 ** --- MESSAGE END ---
16/08/24 18:39:05 ** --- MESSAGE BEGIN ---
16/08/24 18:39:05 ** To: ddd@sdsd.vom
16/08/24 18:39:05 ** Subject: aaa
16/08/24 18:39:05 ** X-PHP-Originating-Script: 0:Tools.class.php
16/08/24 18:39:05 ** From5002549@qq.com
16/08/24 18:39:05 ** 
16/08/24 18:39:05 ** dear dddd dddd
16/08/24 18:39:05 **  
16/08/24 18:39:05 ** --- MESSAGE END ---
16/08/24 18:39:05 ** --- MESSAGE BEGIN ---
16/08/24 18:39:05 ** To: aa@aa.com
16/08/24 18:39:05 ** Subject: aaa
16/08/24 18:39:05 ** X-PHP-Originating-Script: 0:Tools.class.php
16/08/24 18:39:05 ** From5002549@qq.com
16/08/24 18:39:05 ** 
16/08/24 18:39:05 ** dear dadsd sdfasdf
16/08/24 18:39:05 **  
16/08/24 18:39:05 ** --- MESSAGE END ---
16/08/24 18:39:05 ** --- MESSAGE BEGIN ---
16/08/24 18:39:05 ** To: lizhenliang@wire.net.cn
16/08/24 18:39:05 ** Subject: aaa
16/08/24 18:39:05 ** X-PHP-Originating-Script: 0:Tools.class.php
16/08/24 18:39:05 ** From5002549@qq.com
16/08/24 18:39:05 ** 
16/08/24 18:39:05 ** dear cc cc
16/08/24 18:39:05 **  
16/08/24 18:39:05 ** --- MESSAGE END ---
16/08/24 18:39:05 ** --- MESSAGE BEGIN ---
16/08/24 18:39:05 ** To: lhjdark@hotmail.com
16/08/24 18:39:05 ** Subject: aaa
16/08/24 18:39:05 ** X-PHP-Originating-Script: 0:Tools.class.php
16/08/24 18:39:05 ** From5002549@qq.com
16/08/24 18:39:05 ** 
16/08/24 18:39:05 ** dear bb bb
16/08/24 18:39:05 **  
16/08/24 18:39:05 ** --- MESSAGE END ---
16/08/24 18:39:05 ** --- MESSAGE BEGIN ---
16/08/24 18:39:05 ** To: sa@sdasfd.com
16/08/24 18:39:05 ** Subject: aaa
16/08/24 18:39:05 ** X-PHP-Originating-Script: 0:Tools.class.php
16/08/24 18:39:05 ** From5002549@qq.com
16/08/24 18:39:05 ** 
16/08/24 18:39:05 ** dear aasa asasas
16/08/24 18:39:05 **  
16/08/24 18:39:05 ** --- MESSAGE END ---
16/08/24 18:39:05 ** --- MESSAGE BEGIN ---
16/08/24 18:39:05 ** To: vv@vv.com
16/08/24 18:39:05 ** Subject: aaa
16/08/24 18:39:05 ** X-PHP-Originating-Script: 0:Tools.class.php
16/08/24 18:39:05 ** From5002549@qq.com
16/08/24 18:39:05 ** 
16/08/24 18:39:05 ** dear sfasasd adasdfsd
16/08/24 18:39:05 **  
16/08/24 18:39:05 ** --- MESSAGE END ---
16/08/24 18:39:05 ** --- MESSAGE BEGIN ---
16/08/24 18:39:05 ** To: ddd@sdsd.vom
16/08/24 18:39:05 ** Subject: aaa
16/08/24 18:39:05 ** X-PHP-Originating-Script: 0:Tools.class.php
16/08/24 18:39:05 ** From5002549@qq.com
16/08/24 18:39:05 ** 
16/08/24 18:39:05 ** dear dddd dddd
16/08/24 18:39:05 **  
16/08/24 18:39:05 ** --- MESSAGE END ---
16/08/24 18:39:05 ** --- MESSAGE BEGIN ---
16/08/24 18:39:05 ** To: aa@aa.com
16/08/24 18:39:05 ** Subject: aaa
16/08/24 18:39:05 ** X-PHP-Originating-Script: 0:Tools.class.php
16/08/24 18:39:05 ** From5002549@qq.com
16/08/24 18:39:05 ** 
16/08/24 18:39:05 ** dear dadsd sdfasdf
16/08/24 18:39:05 **  
16/08/24 18:39:05 ** --- MESSAGE END ---
16/08/24 18:39:05 ** --- MESSAGE BEGIN ---
16/08/24 18:39:05 ** To: lizhenliang@wire.net.cn
16/08/24 18:39:05 ** Subject: aaa
16/08/24 18:39:05 ** X-PHP-Originating-Script: 0:Tools.class.php
16/08/24 18:39:05 ** From5002549@qq.com
16/08/24 18:39:05 ** 
16/08/24 18:39:05 ** dear cc cc
16/08/24 18:39:05 **  
16/08/24 18:39:05 ** --- MESSAGE END ---
16/08/24 18:39:06 ** --- MESSAGE BEGIN ---
16/08/24 18:39:06 ** To: lhjdark@hotmail.com
16/08/24 18:39:06 ** Subject: aaa
16/08/24 18:39:06 ** X-PHP-Originating-Script: 0:Tools.class.php
16/08/24 18:39:06 ** From5002549@qq.com
16/08/24 18:39:06 ** 
16/08/24 18:39:06 ** dear bb bb
16/08/24 18:39:06 **  
16/08/24 18:39:06 ** --- MESSAGE END ---
16/08/24 18:39:06 ** --- MESSAGE BEGIN ---
16/08/24 18:39:06 ** To: sa@sdasfd.com
16/08/24 18:39:06 ** Subject: aaa
16/08/24 18:39:06 ** X-PHP-Originating-Script: 0:Tools.class.php
16/08/24 18:39:06 ** From5002549@qq.com
16/08/24 18:39:06 ** 
16/08/24 18:39:06 ** dear aasa asasas
16/08/24 18:39:06 **  
16/08/24 18:39:06 ** --- MESSAGE END ---
16/08/24 18:39:09 ** --- MESSAGE BEGIN ---
16/08/24 18:39:09 ** To: vv@vv.com
16/08/24 18:39:09 ** Subject: aaaa
16/08/24 18:39:09 ** X-PHP-Originating-Script: 0:Tools.class.php
16/08/24 18:39:09 ** From5002549@qq.com
16/08/24 18:39:09 ** 
16/08/24 18:39:09 ** dear sfasasd adasdfsd
16/08/24 18:39:09 **  
16/08/24 18:39:09 ** --- MESSAGE END ---
16/08/24 18:39:09 ** --- MESSAGE BEGIN ---
16/08/24 18:39:09 ** To: ddd@sdsd.vom
16/08/24 18:39:09 ** Subject: aaaa
16/08/24 18:39:09 ** X-PHP-Originating-Script: 0:Tools.class.php
16/08/24 18:39:09 ** From5002549@qq.com
16/08/24 18:39:09 ** 
16/08/24 18:39:09 ** dear dddd dddd
16/08/24 18:39:09 **  
16/08/24 18:39:09 ** --- MESSAGE END ---
16/08/24 18:39:09 ** --- MESSAGE BEGIN ---
16/08/24 18:39:09 ** To: aa@aa.com
16/08/24 18:39:09 ** Subject: aaaa
16/08/24 18:39:09 ** X-PHP-Originating-Script: 0:Tools.class.php
16/08/24 18:39:09 ** From5002549@qq.com
16/08/24 18:39:09 ** 
16/08/24 18:39:09 ** dear dadsd sdfasdf
16/08/24 18:39:09 **  
16/08/24 18:39:09 ** --- MESSAGE END ---
16/08/24 18:39:09 ** --- MESSAGE BEGIN ---
16/08/24 18:39:09 ** To: lizhenliang@wire.net.cn
16/08/24 18:39:09 ** Subject: aaaa
16/08/24 18:39:09 ** X-PHP-Originating-Script: 0:Tools.class.php
16/08/24 18:39:09 ** From5002549@qq.com
16/08/24 18:39:09 ** 
16/08/24 18:39:09 ** dear cc cc
16/08/24 18:39:09 **  
16/08/24 18:39:09 ** --- MESSAGE END ---
16/08/24 18:39:09 ** --- MESSAGE BEGIN ---
16/08/24 18:39:09 ** To: lhjdark@hotmail.com
16/08/24 18:39:09 ** Subject: aaaa
16/08/24 18:39:09 ** X-PHP-Originating-Script: 0:Tools.class.php
16/08/24 18:39:09 ** From5002549@qq.com
16/08/24 18:39:09 ** 
16/08/24 18:39:09 ** dear bb bb
16/08/24 18:39:09 **  
16/08/24 18:39:09 ** --- MESSAGE END ---
16/08/24 18:39:10 ** --- MESSAGE BEGIN ---
16/08/24 18:39:10 ** To: sa@sdasfd.com
16/08/24 18:39:10 ** Subject: aaaa
16/08/24 18:39:10 ** X-PHP-Originating-Script: 0:Tools.class.php
16/08/24 18:39:10 ** From5002549@qq.com
16/08/24 18:39:10 ** 
16/08/24 18:39:10 ** dear aasa asasas
16/08/24 18:39:10 **  
16/08/24 18:39:10 ** --- MESSAGE END ---
16/08/24 18:39:33 ** --- MESSAGE BEGIN ---
16/08/24 18:39:33 ** To: vv@vv.com
16/08/24 18:39:33 ** Subject: aa
16/08/24 18:39:33 ** X-PHP-Originating-Script: 0:Tools.class.php
16/08/24 18:39:33 ** From5002549@qq.com
16/08/24 18:39:33 ** 
16/08/24 18:39:33 ** dear sfasasd adasdfsd
16/08/24 18:39:33 **  
16/08/24 18:39:33 ** --- MESSAGE END ---
16/08/24 18:39:33 ** --- MESSAGE BEGIN ---
16/08/24 18:39:33 ** To: ddd@sdsd.vom
16/08/24 18:39:33 ** Subject: aa
16/08/24 18:39:33 ** X-PHP-Originating-Script: 0:Tools.class.php
16/08/24 18:39:33 ** From5002549@qq.com
16/08/24 18:39:33 ** 
16/08/24 18:39:33 ** dear dddd dddd
16/08/24 18:39:33 **  
16/08/24 18:39:33 ** --- MESSAGE END ---
16/08/24 18:39:33 ** --- MESSAGE BEGIN ---
16/08/24 18:39:33 ** To: aa@aa.com
16/08/24 18:39:33 ** Subject: aa
16/08/24 18:39:33 ** X-PHP-Originating-Script: 0:Tools.class.php
16/08/24 18:39:33 ** From5002549@qq.com
16/08/24 18:39:33 ** 
16/08/24 18:39:33 ** dear dadsd sdfasdf
16/08/24 18:39:33 **  
16/08/24 18:39:33 ** --- MESSAGE END ---
16/08/24 18:39:34 ** --- MESSAGE BEGIN ---
16/08/24 18:39:34 ** To: lizhenliang@wire.net.cn
16/08/24 18:39:34 ** Subject: aa
16/08/24 18:39:34 ** X-PHP-Originating-Script: 0:Tools.class.php
16/08/24 18:39:34 ** From5002549@qq.com
16/08/24 18:39:34 ** 
16/08/24 18:39:34 ** dear cc cc
16/08/24 18:39:34 **  
16/08/24 18:39:34 ** --- MESSAGE END ---
16/08/24 18:39:34 ** --- MESSAGE BEGIN ---
16/08/24 18:39:34 ** To: lhjdark@hotmail.com
16/08/24 18:39:34 ** Subject: aa
16/08/24 18:39:34 ** X-PHP-Originating-Script: 0:Tools.class.php
16/08/24 18:39:34 ** From5002549@qq.com
16/08/24 18:39:34 ** 
16/08/24 18:39:34 ** dear bb bb
16/08/24 18:39:34 **  
16/08/24 18:39:34 ** --- MESSAGE END ---
16/08/24 18:39:34 ** --- MESSAGE BEGIN ---
16/08/24 18:39:34 ** To: sa@sdasfd.com
16/08/24 18:39:34 ** Subject: aa
16/08/24 18:39:34 ** X-PHP-Originating-Script: 0:Tools.class.php
16/08/24 18:39:34 ** From5002549@qq.com
16/08/24 18:39:34 ** 
16/08/24 18:39:34 ** dear aasa asasas
16/08/24 18:39:34 **  
16/08/24 18:39:34 ** --- MESSAGE END ---
16/08/24 18:46:18 ** --- MESSAGE BEGIN ---
16/08/24 18:46:18 ** To: vv@vv.com
16/08/24 18:46:18 ** Subject: ss
16/08/24 18:46:18 ** X-PHP-Originating-Script: 0:Tools.class.php
16/08/24 18:46:18 ** From5002549@qq.com
16/08/24 18:46:18 ** 
16/08/24 18:46:18 ** dear sfasasd adasdfsd
16/08/24 18:46:18 **  ss
16/08/24 18:46:18 ** --- MESSAGE END ---
16/08/24 18:46:18 ** --- MESSAGE BEGIN ---
16/08/24 18:46:18 ** To: ddd@sdsd.vom
16/08/24 18:46:18 ** Subject: ss
16/08/24 18:46:18 ** X-PHP-Originating-Script: 0:Tools.class.php
16/08/24 18:46:18 ** From5002549@qq.com
16/08/24 18:46:18 ** 
16/08/24 18:46:18 ** dear dddd dddd
16/08/24 18:46:18 **  ss
16/08/24 18:46:18 ** --- MESSAGE END ---
16/08/24 18:46:18 ** --- MESSAGE BEGIN ---
16/08/24 18:46:18 ** To: aa@aa.com
16/08/24 18:46:18 ** Subject: ss
16/08/24 18:46:18 ** X-PHP-Originating-Script: 0:Tools.class.php
16/08/24 18:46:18 ** From5002549@qq.com
16/08/24 18:46:18 ** 
16/08/24 18:46:18 ** dear dadsd sdfasdf
16/08/24 18:46:18 **  ss
16/08/24 18:46:18 ** --- MESSAGE END ---
16/08/24 18:46:18 ** --- MESSAGE BEGIN ---
16/08/24 18:46:18 ** To: lizhenliang@wire.net.cn
16/08/24 18:46:18 ** Subject: ss
16/08/24 18:46:18 ** X-PHP-Originating-Script: 0:Tools.class.php
16/08/24 18:46:18 ** From5002549@qq.com
16/08/24 18:46:18 ** 
16/08/24 18:46:18 ** dear cc cc
16/08/24 18:46:18 **  ss
16/08/24 18:46:18 ** --- MESSAGE END ---
16/08/24 18:46:18 ** --- MESSAGE BEGIN ---
16/08/24 18:46:18 ** To: lhjdark@hotmail.com
16/08/24 18:46:18 ** Subject: ss
16/08/24 18:46:18 ** X-PHP-Originating-Script: 0:Tools.class.php
16/08/24 18:46:18 ** From5002549@qq.com
16/08/24 18:46:18 ** 
16/08/24 18:46:18 ** dear bb bb
16/08/24 18:46:18 **  ss
16/08/24 18:46:18 ** --- MESSAGE END ---
16/08/24 18:46:18 ** --- MESSAGE BEGIN ---
16/08/24 18:46:18 ** To: sa@sdasfd.com
16/08/24 18:46:18 ** Subject: ss
16/08/24 18:46:18 ** X-PHP-Originating-Script: 0:Tools.class.php
16/08/24 18:46:18 ** From5002549@qq.com
16/08/24 18:46:18 ** 
16/08/24 18:46:18 ** dear aasa asasas
16/08/24 18:46:18 **  ss
16/08/24 18:46:18 ** --- MESSAGE END ---
16/08/24 18:53:21 ** --- MESSAGE BEGIN ---
16/08/24 18:53:21 ** To: vv@vv.com
16/08/24 18:53:21 ** Subject: aaaa
16/08/24 18:53:21 ** X-PHP-Originating-Script: 0:Tools.class.php
16/08/24 18:53:21 ** From5002549@qq.com
16/08/24 18:53:21 ** 
16/08/24 18:53:21 ** dear sfasasd adasdfsd
16/08/24 18:53:21 **  aaa
16/08/24 18:53:21 ** --- MESSAGE END ---
16/08/24 18:53:21 ** --- MESSAGE BEGIN ---
16/08/24 18:53:21 ** To: ddd@sdsd.vom
16/08/24 18:53:21 ** Subject: aaaa
16/08/24 18:53:21 ** X-PHP-Originating-Script: 0:Tools.class.php
16/08/24 18:53:21 ** From5002549@qq.com
16/08/24 18:53:21 ** 
16/08/24 18:53:21 ** dear dddd dddd
16/08/24 18:53:21 **  aaa
16/08/24 18:53:21 ** --- MESSAGE END ---
16/08/24 18:53:21 ** --- MESSAGE BEGIN ---
16/08/24 18:53:21 ** To: aa@aa.com
16/08/24 18:53:21 ** Subject: aaaa
16/08/24 18:53:21 ** X-PHP-Originating-Script: 0:Tools.class.php
16/08/24 18:53:21 ** From5002549@qq.com
16/08/24 18:53:21 ** 
16/08/24 18:53:21 ** dear dadsd sdfasdf
16/08/24 18:53:21 **  aaa
16/08/24 18:53:21 ** --- MESSAGE END ---
16/08/24 18:53:21 ** --- MESSAGE BEGIN ---
16/08/24 18:53:21 ** To: lizhenliang@wire.net.cn
16/08/24 18:53:21 ** Subject: aaaa
16/08/24 18:53:21 ** X-PHP-Originating-Script: 0:Tools.class.php
16/08/24 18:53:21 ** From5002549@qq.com
16/08/24 18:53:21 ** 
16/08/24 18:53:21 ** dear cc cc
16/08/24 18:53:21 **  aaa
16/08/24 18:53:21 ** --- MESSAGE END ---
16/08/24 18:53:21 ** --- MESSAGE BEGIN ---
16/08/24 18:53:21 ** To: lhjdark@hotmail.com
16/08/24 18:53:21 ** Subject: aaaa
16/08/24 18:53:21 ** X-PHP-Originating-Script: 0:Tools.class.php
16/08/24 18:53:21 ** From5002549@qq.com
16/08/24 18:53:21 ** 
16/08/24 18:53:21 ** dear bb bb
16/08/24 18:53:21 **  aaa
16/08/24 18:53:21 ** --- MESSAGE END ---
16/08/24 18:53:21 ** --- MESSAGE BEGIN ---
16/08/24 18:53:21 ** To: sa@sdasfd.com
16/08/24 18:53:21 ** Subject: aaaa
16/08/24 18:53:21 ** X-PHP-Originating-Script: 0:Tools.class.php
16/08/24 18:53:21 ** From5002549@qq.com
16/08/24 18:53:21 ** 
16/08/24 18:53:21 ** dear aasa asasas
16/08/24 18:53:21 **  aaa
16/08/24 18:53:21 ** --- MESSAGE END ---
16/08/24 19:21:49 ** --- MESSAGE BEGIN ---
16/08/24 19:21:49 ** To: vv@vv.com
16/08/24 19:21:49 ** Subject: aaa
16/08/24 19:21:49 ** X-PHP-Originating-Script: 0:Tools.class.php
16/08/24 19:21:49 ** From5002549@qq.com
16/08/24 19:21:49 ** 
16/08/24 19:21:49 ** dear sfasasd adasdfsd
16/08/24 19:21:49 **  aaa
16/08/24 19:21:49 ** --- MESSAGE END ---
16/08/24 19:21:49 ** --- MESSAGE BEGIN ---
16/08/24 19:21:49 ** To: ddd@sdsd.vom
16/08/24 19:21:49 ** Subject: aaa
16/08/24 19:21:49 ** X-PHP-Originating-Script: 0:Tools.class.php
16/08/24 19:21:49 ** From5002549@qq.com
16/08/24 19:21:49 ** 
16/08/24 19:21:49 ** dear dddd dddd
16/08/24 19:21:49 **  aaa
16/08/24 19:21:49 ** --- MESSAGE END ---
16/08/24 19:21:49 ** --- MESSAGE BEGIN ---
16/08/24 19:21:49 ** To: aa@aa.com
16/08/24 19:21:49 ** Subject: aaa
16/08/24 19:21:49 ** X-PHP-Originating-Script: 0:Tools.class.php
16/08/24 19:21:49 ** From5002549@qq.com
16/08/24 19:21:49 ** 
16/08/24 19:21:49 ** dear dadsd sdfasdf
16/08/24 19:21:49 **  aaa
16/08/24 19:21:49 ** --- MESSAGE END ---
16/08/24 19:21:50 ** --- MESSAGE BEGIN ---
16/08/24 19:21:50 ** To: lizhenliang@wire.net.cn
16/08/24 19:21:50 ** Subject: aaa
16/08/24 19:21:50 ** X-PHP-Originating-Script: 0:Tools.class.php
16/08/24 19:21:50 ** From5002549@qq.com
16/08/24 19:21:50 ** 
16/08/24 19:21:50 ** dear cc cc
16/08/24 19:21:50 **  aaa
16/08/24 19:21:50 ** --- MESSAGE END ---
16/08/24 19:21:50 ** --- MESSAGE BEGIN ---
16/08/24 19:21:50 ** To: lhjdark@hotmail.com
16/08/24 19:21:50 ** Subject: aaa
16/08/24 19:21:50 ** X-PHP-Originating-Script: 0:Tools.class.php
16/08/24 19:21:50 ** From5002549@qq.com
16/08/24 19:21:50 ** 
16/08/24 19:21:50 ** dear bb bb
16/08/24 19:21:50 **  aaa
16/08/24 19:21:50 ** --- MESSAGE END ---
16/08/24 19:21:50 ** --- MESSAGE BEGIN ---
16/08/24 19:21:50 ** To: sa@sdasfd.com
16/08/24 19:21:50 ** Subject: aaa
16/08/24 19:21:50 ** X-PHP-Originating-Script: 0:Tools.class.php
16/08/24 19:21:50 ** From5002549@qq.com
16/08/24 19:21:50 ** 
16/08/24 19:21:50 ** dear aasa asasas
16/08/24 19:21:50 **  aaa
16/08/24 19:21:50 ** --- MESSAGE END ---
16/08/24 19:22:10 ** --- MESSAGE BEGIN ---
16/08/24 19:22:10 ** To: vv@vv.com
16/08/24 19:22:10 ** Subject: aaaa
16/08/24 19:22:10 ** X-PHP-Originating-Script: 0:Tools.class.php
16/08/24 19:22:10 ** From5002549@qq.com
16/08/24 19:22:10 ** 
16/08/24 19:22:10 ** dear sfasasd adasdfsd
16/08/24 19:22:10 **  aaa
16/08/24 19:22:10 ** --- MESSAGE END ---
16/08/24 19:22:10 ** --- MESSAGE BEGIN ---
16/08/24 19:22:10 ** To: ddd@sdsd.vom
16/08/24 19:22:10 ** Subject: aaaa
16/08/24 19:22:10 ** X-PHP-Originating-Script: 0:Tools.class.php
16/08/24 19:22:10 ** From5002549@qq.com
16/08/24 19:22:10 ** 
16/08/24 19:22:10 ** dear dddd dddd
16/08/24 19:22:10 **  aaa
16/08/24 19:22:10 ** --- MESSAGE END ---
16/08/24 19:22:10 ** --- MESSAGE BEGIN ---
16/08/24 19:22:10 ** To: aa@aa.com
16/08/24 19:22:10 ** Subject: aaaa
16/08/24 19:22:10 ** X-PHP-Originating-Script: 0:Tools.class.php
16/08/24 19:22:10 ** From5002549@qq.com
16/08/24 19:22:10 ** 
16/08/24 19:22:10 ** dear dadsd sdfasdf
16/08/24 19:22:10 **  aaa
16/08/24 19:22:10 ** --- MESSAGE END ---
16/08/24 19:22:10 ** --- MESSAGE BEGIN ---
16/08/24 19:22:10 ** To: lizhenliang@wire.net.cn
16/08/24 19:22:10 ** Subject: aaaa
16/08/24 19:22:10 ** X-PHP-Originating-Script: 0:Tools.class.php
16/08/24 19:22:10 ** From5002549@qq.com
16/08/24 19:22:10 ** 
16/08/24 19:22:10 ** dear cc cc
16/08/24 19:22:10 **  aaa
16/08/24 19:22:10 ** --- MESSAGE END ---
16/08/24 19:22:11 ** --- MESSAGE BEGIN ---
16/08/24 19:22:11 ** To: lhjdark@hotmail.com
16/08/24 19:22:11 ** Subject: aaaa
16/08/24 19:22:11 ** X-PHP-Originating-Script: 0:Tools.class.php
16/08/24 19:22:11 ** From5002549@qq.com
16/08/24 19:22:11 ** 
16/08/24 19:22:11 ** dear bb bb
16/08/24 19:22:11 **  aaa
16/08/24 19:22:11 ** --- MESSAGE END ---
16/08/24 19:22:11 ** --- MESSAGE BEGIN ---
16/08/24 19:22:11 ** To: sa@sdasfd.com
16/08/24 19:22:11 ** Subject: aaaa
16/08/24 19:22:11 ** X-PHP-Originating-Script: 0:Tools.class.php
16/08/24 19:22:11 ** From5002549@qq.com
16/08/24 19:22:11 ** 
16/08/24 19:22:11 ** dear aasa asasas
16/08/24 19:22:11 **  aaa
16/08/24 19:22:11 ** --- MESSAGE END ---
16/08/24 20:33:30 ** --- MESSAGE BEGIN ---
16/08/24 20:33:30 ** To: vv@vv.com
16/08/24 20:33:30 ** Subject: ss
16/08/24 20:33:30 ** X-PHP-Originating-Script: 0:Tools.class.php
16/08/24 20:33:30 ** From5002549@qq.com
16/08/24 20:33:30 ** 
16/08/24 20:33:30 ** dear sfasasd adasdfsd
16/08/24 20:33:30 **  ss
16/08/24 20:33:30 ** --- MESSAGE END ---
16/08/24 20:33:30 ** --- MESSAGE BEGIN ---
16/08/24 20:33:30 ** To: ddd@sdsd.vom
16/08/24 20:33:30 ** Subject: ss
16/08/24 20:33:30 ** X-PHP-Originating-Script: 0:Tools.class.php
16/08/24 20:33:30 ** From5002549@qq.com
16/08/24 20:33:30 ** 
16/08/24 20:33:30 ** dear dddd dddd
16/08/24 20:33:30 **  ss
16/08/24 20:33:30 ** --- MESSAGE END ---
16/08/24 20:33:30 ** --- MESSAGE BEGIN ---
16/08/24 20:33:30 ** To: aa@aa.com
16/08/24 20:33:30 ** Subject: ss
16/08/24 20:33:30 ** X-PHP-Originating-Script: 0:Tools.class.php
16/08/24 20:33:30 ** From5002549@qq.com
16/08/24 20:33:30 ** 
16/08/24 20:33:30 ** dear dadsd sdfasdf
16/08/24 20:33:30 **  ss
16/08/24 20:33:30 ** --- MESSAGE END ---
16/08/24 20:33:30 ** --- MESSAGE BEGIN ---
16/08/24 20:33:30 ** To: lizhenliang@wire.net.cn
16/08/24 20:33:30 ** Subject: ss
16/08/24 20:33:30 ** X-PHP-Originating-Script: 0:Tools.class.php
16/08/24 20:33:30 ** From5002549@qq.com
16/08/24 20:33:30 ** 
16/08/24 20:33:30 ** dear cc cc
16/08/24 20:33:30 **  ss
16/08/24 20:33:30 ** --- MESSAGE END ---
16/08/24 20:33:30 ** --- MESSAGE BEGIN ---
16/08/24 20:33:30 ** To: lhjdark@hotmail.com
16/08/24 20:33:30 ** Subject: ss
16/08/24 20:33:30 ** X-PHP-Originating-Script: 0:Tools.class.php
16/08/24 20:33:30 ** From5002549@qq.com
16/08/24 20:33:30 ** 
16/08/24 20:33:30 ** dear bb bb
16/08/24 20:33:30 **  ss
16/08/24 20:33:30 ** --- MESSAGE END ---
16/08/24 20:33:30 ** --- MESSAGE BEGIN ---
16/08/24 20:33:30 ** To: sa@sdasfd.com
16/08/24 20:33:30 ** Subject: ss
16/08/24 20:33:30 ** X-PHP-Originating-Script: 0:Tools.class.php
16/08/24 20:33:30 ** From5002549@qq.com
16/08/24 20:33:30 ** 
16/08/24 20:33:30 ** dear aasa asasas
16/08/24 20:33:30 **  ss
16/08/24 20:33:30 ** --- MESSAGE END ---
16/08/25 07:28:53 ** --- MESSAGE BEGIN ---
16/08/25 07:28:53 ** To: vv@vv.com
16/08/25 07:28:53 ** Subject: aaaaaaaaaaaaaaa
16/08/25 07:28:53 ** X-PHP-Originating-Script: 0:Tools.class.php
16/08/25 07:28:53 ** From5002549@qq.com
16/08/25 07:28:53 ** 
16/08/25 07:28:53 ** dear vv vv
16/08/25 07:28:53 **  aaaaaaaaaaaaaaaaaaaaa
16/08/25 07:28:53 ** --- MESSAGE END ---
16/08/25 07:28:54 ** --- MESSAGE BEGIN ---
16/08/25 07:28:54 ** To: vv@vv.com
16/08/25 07:28:54 ** Subject: aaaaaaaaaaaaaaa
16/08/25 07:28:54 ** X-PHP-Originating-Script: 0:Tools.class.php
16/08/25 07:28:54 ** From5002549@qq.com
16/08/25 07:28:54 ** 
16/08/25 07:28:54 ** dear sfasasd adasdfsd
16/08/25 07:28:54 **  aaaaaaaaaaaaaaaaaaaaa
16/08/25 07:28:54 ** --- MESSAGE END ---
16/08/25 07:28:54 ** --- MESSAGE BEGIN ---
16/08/25 07:28:54 ** To: ddd@sdsd.vom
16/08/25 07:28:54 ** Subject: aaaaaaaaaaaaaaa
16/08/25 07:28:54 ** X-PHP-Originating-Script: 0:Tools.class.php
16/08/25 07:28:54 ** From5002549@qq.com
16/08/25 07:28:54 ** 
16/08/25 07:28:54 ** dear dddd dddd
16/08/25 07:28:54 **  aaaaaaaaaaaaaaaaaaaaa
16/08/25 07:28:54 ** --- MESSAGE END ---
16/08/25 07:28:54 ** --- MESSAGE BEGIN ---
16/08/25 07:28:54 ** To: aa@aa.com
16/08/25 07:28:54 ** Subject: aaaaaaaaaaaaaaa
16/08/25 07:28:54 ** X-PHP-Originating-Script: 0:Tools.class.php
16/08/25 07:28:54 ** From5002549@qq.com
16/08/25 07:28:54 ** 
16/08/25 07:28:54 ** dear dadsd sdfasdf
16/08/25 07:28:54 **  aaaaaaaaaaaaaaaaaaaaa
16/08/25 07:28:54 ** --- MESSAGE END ---
16/08/25 07:28:54 ** --- MESSAGE BEGIN ---
16/08/25 07:28:54 ** To: lizhenliang@wire.net.cn
16/08/25 07:28:54 ** Subject: aaaaaaaaaaaaaaa
16/08/25 07:28:54 ** X-PHP-Originating-Script: 0:Tools.class.php
16/08/25 07:28:54 ** From5002549@qq.com
16/08/25 07:28:54 ** 
16/08/25 07:28:54 ** dear cc cc
16/08/25 07:28:54 **  aaaaaaaaaaaaaaaaaaaaa
16/08/25 07:28:54 ** --- MESSAGE END ---
16/08/25 07:28:54 ** --- MESSAGE BEGIN ---
16/08/25 07:28:54 ** To: lhjdark@hotmail.com
16/08/25 07:28:54 ** Subject: aaaaaaaaaaaaaaa
16/08/25 07:28:54 ** X-PHP-Originating-Script: 0:Tools.class.php
16/08/25 07:28:54 ** From5002549@qq.com
16/08/25 07:28:54 ** 
16/08/25 07:28:54 ** dear bb bb
16/08/25 07:28:54 **  aaaaaaaaaaaaaaaaaaaaa
16/08/25 07:28:54 ** --- MESSAGE END ---
16/08/25 07:28:54 ** --- MESSAGE BEGIN ---
16/08/25 07:28:54 ** To: sa@sdasfd.com
16/08/25 07:28:54 ** Subject: aaaaaaaaaaaaaaa
16/08/25 07:28:54 ** X-PHP-Originating-Script: 0:Tools.class.php
16/08/25 07:28:54 ** From5002549@qq.com
16/08/25 07:28:54 ** 
16/08/25 07:28:54 ** dear aasa asasas
16/08/25 07:28:54 **  aaaaaaaaaaaaaaaaaaaaa
16/08/25 07:28:54 ** --- MESSAGE END ---
16/08/25 07:28:54 ** --- MESSAGE BEGIN ---
16/08/25 07:28:54 ** To: aa@aa.com
16/08/25 07:28:54 ** Subject: aaaaaaaaaaaaaaa
16/08/25 07:28:54 ** X-PHP-Originating-Script: 0:Tools.class.php
16/08/25 07:28:54 ** From5002549@qq.com
16/08/25 07:28:54 ** 
16/08/25 07:28:54 ** dear aaa aaa
16/08/25 07:28:54 **  aaaaaaaaaaaaaaaaaaaaa
16/08/25 07:28:54 ** --- MESSAGE END ---
16/08/25 07:30:35 ** --- MESSAGE BEGIN ---
16/08/25 07:30:35 ** To: vv@vv.com
16/08/25 07:30:35 ** Subject: aaaa
16/08/25 07:30:35 ** X-PHP-Originating-Script: 0:Tools.class.php
16/08/25 07:30:35 ** From5002549@qq.com
16/08/25 07:30:35 ** 
16/08/25 07:30:35 ** dear vv vv
16/08/25 07:30:35 **  aaaaaaa
16/08/25 07:30:35 ** --- MESSAGE END ---
16/08/25 07:30:35 ** --- MESSAGE BEGIN ---
16/08/25 07:30:35 ** To: vv@vv.com
16/08/25 07:30:35 ** Subject: aaaa
16/08/25 07:30:35 ** X-PHP-Originating-Script: 0:Tools.class.php
16/08/25 07:30:35 ** From5002549@qq.com
16/08/25 07:30:35 ** 
16/08/25 07:30:35 ** dear sfasasd adasdfsd
16/08/25 07:30:35 **  aaaaaaa
16/08/25 07:30:35 ** --- MESSAGE END ---
16/08/25 07:30:35 ** --- MESSAGE BEGIN ---
16/08/25 07:30:35 ** To: ddd@sdsd.vom
16/08/25 07:30:35 ** Subject: aaaa
16/08/25 07:30:35 ** X-PHP-Originating-Script: 0:Tools.class.php
16/08/25 07:30:35 ** From5002549@qq.com
16/08/25 07:30:35 ** 
16/08/25 07:30:35 ** dear dddd dddd
16/08/25 07:30:35 **  aaaaaaa
16/08/25 07:30:35 ** --- MESSAGE END ---
16/08/25 07:30:36 ** --- MESSAGE BEGIN ---
16/08/25 07:30:36 ** To: aa@aa.com
16/08/25 07:30:36 ** Subject: aaaa
16/08/25 07:30:36 ** X-PHP-Originating-Script: 0:Tools.class.php
16/08/25 07:30:36 ** From5002549@qq.com
16/08/25 07:30:36 ** 
16/08/25 07:30:36 ** dear dadsd sdfasdf
16/08/25 07:30:36 **  aaaaaaa
16/08/25 07:30:36 ** --- MESSAGE END ---
16/08/25 07:30:36 ** --- MESSAGE BEGIN ---
16/08/25 07:30:36 ** To: lizhenliang@wire.net.cn
16/08/25 07:30:36 ** Subject: aaaa
16/08/25 07:30:36 ** X-PHP-Originating-Script: 0:Tools.class.php
16/08/25 07:30:36 ** From5002549@qq.com
16/08/25 07:30:36 ** 
16/08/25 07:30:36 ** dear cc cc
16/08/25 07:30:36 **  aaaaaaa
16/08/25 07:30:36 ** --- MESSAGE END ---
16/08/25 07:30:36 ** --- MESSAGE BEGIN ---
16/08/25 07:30:36 ** To: lhjdark@hotmail.com
16/08/25 07:30:36 ** Subject: aaaa
16/08/25 07:30:36 ** X-PHP-Originating-Script: 0:Tools.class.php
16/08/25 07:30:36 ** From5002549@qq.com
16/08/25 07:30:36 ** 
16/08/25 07:30:36 ** dear bb bb
16/08/25 07:30:36 **  aaaaaaa
16/08/25 07:30:36 ** --- MESSAGE END ---
16/08/25 07:30:36 ** --- MESSAGE BEGIN ---
16/08/25 07:30:36 ** To: sa@sdasfd.com
16/08/25 07:30:36 ** Subject: aaaa
16/08/25 07:30:36 ** X-PHP-Originating-Script: 0:Tools.class.php
16/08/25 07:30:36 ** From5002549@qq.com
16/08/25 07:30:36 ** 
16/08/25 07:30:36 ** dear aasa asasas
16/08/25 07:30:36 **  aaaaaaa
16/08/25 07:30:36 ** --- MESSAGE END ---
16/08/25 07:30:36 ** --- MESSAGE BEGIN ---
16/08/25 07:30:36 ** To: aa@aa.com
16/08/25 07:30:36 ** Subject: aaaa
16/08/25 07:30:36 ** X-PHP-Originating-Script: 0:Tools.class.php
16/08/25 07:30:36 ** From5002549@qq.com
16/08/25 07:30:36 ** 
16/08/25 07:30:36 ** dear aaa aaa
16/08/25 07:30:36 **  aaaaaaa
16/08/25 07:30:36 ** --- MESSAGE END ---
